2022-07-07 17:10:37,216 : INFO : log : FAILED TO CREATE A KAFKA ADMIN CLIENT
2022-07-07 17:10:37,216 : INFO : log : FAILED TO CREATE A KAFKA ADMIN CLIENT
2022-07-07 17:10:37,217 : INFO : log : INSTANTIATE A KAFKA ADMIN CLIENT FIRST USING THE create_admin_client METHOD
2022-07-07 17:10:37,217 : INFO : log : INSTANTIATE A KAFKA ADMIN CLIENT FIRST USING THE create_admin_client METHOD
2022-07-07 17:10:39,875 : INFO : log : FAILED TO CREATE A KAFKA PRODUCER
2022-07-07 17:10:39,875 : INFO : log : FAILED TO CREATE A KAFKA PRODUCER
2022-07-07 17:10:41,974 : INFO : log : FAILED TO CREATE A KAFKA CONSUMER
2022-07-07 17:10:41,974 : INFO : log : FAILED TO CREATE A KAFKA CONSUMER
2022-07-07 17:10:41,974 : INFO : log : INSTANTIATE A KAFKA PRODUCER FIRST USING THE create_producer METHOD
2022-07-07 17:10:41,974 : INFO : log : INSTANTIATE A KAFKA PRODUCER FIRST USING THE create_producer METHOD
2022-07-07 17:10:41,975 : INFO : log : FAILED TO FETCH DATA
2022-07-07 17:10:41,975 : INFO : log : FAILED TO FETCH DATA
2022-07-07 19:59:02,254 : INFO : log : FAILED TO CREATE A KAFKA ADMIN CLIENT
2022-07-07 19:59:02,254 : INFO : log : FAILED TO CREATE A KAFKA ADMIN CLIENT
2022-07-07 19:59:02,254 : INFO : log : INSTANTIATE A KAFKA ADMIN CLIENT FIRST USING THE create_admin_client METHOD
2022-07-07 19:59:02,254 : INFO : log : INSTANTIATE A KAFKA ADMIN CLIENT FIRST USING THE create_admin_client METHOD
2022-07-07 19:59:02,258 : INFO : log : FAILED TO CREATE A KAFKA PRODUCER
2022-07-07 19:59:02,258 : INFO : log : FAILED TO CREATE A KAFKA PRODUCER
2022-07-07 19:59:02,262 : INFO : log : FAILED TO CREATE A KAFKA CONSUMER
2022-07-07 19:59:02,262 : INFO : log : FAILED TO CREATE A KAFKA CONSUMER
2022-07-07 19:59:02,263 : INFO : log : INSTANTIATE A KAFKA PRODUCER FIRST USING THE create_producer METHOD
2022-07-07 19:59:02,263 : INFO : log : INSTANTIATE A KAFKA PRODUCER FIRST USING THE create_producer METHOD
2022-07-07 19:59:02,263 : INFO : log : FAILED TO FETCH DATA
2022-07-07 19:59:02,263 : INFO : log : FAILED TO FETCH DATA
2022-07-07 20:16:11,253 : INFO : log : FAILED TO CREATE A KAFKA ADMIN CLIENT
2022-07-07 20:16:11,253 : INFO : log : FAILED TO CREATE A KAFKA ADMIN CLIENT
2022-07-07 20:16:11,254 : INFO : log : INSTANTIATE A KAFKA ADMIN CLIENT FIRST USING THE create_admin_client METHOD
2022-07-07 20:16:11,254 : INFO : log : INSTANTIATE A KAFKA ADMIN CLIENT FIRST USING THE create_admin_client METHOD
2022-07-07 20:16:11,257 : INFO : log : FAILED TO CREATE A KAFKA PRODUCER
2022-07-07 20:16:11,257 : INFO : log : FAILED TO CREATE A KAFKA PRODUCER
2022-07-07 20:16:11,261 : INFO : log : FAILED TO CREATE A KAFKA CONSUMER
2022-07-07 20:16:11,261 : INFO : log : FAILED TO CREATE A KAFKA CONSUMER
2022-07-07 20:16:11,261 : INFO : log : INSTANTIATE A KAFKA PRODUCER FIRST USING THE create_producer METHOD
2022-07-07 20:16:11,261 : INFO : log : INSTANTIATE A KAFKA PRODUCER FIRST USING THE create_producer METHOD
2022-07-07 20:16:11,261 : INFO : log : FAILED TO FETCH DATA
2022-07-07 20:16:11,261 : INFO : log : FAILED TO FETCH DATA
2022-07-07 20:16:15,632 : INFO : log : FAILED TO CREATE A KAFKA ADMIN CLIENT
2022-07-07 20:16:15,632 : INFO : log : FAILED TO CREATE A KAFKA ADMIN CLIENT
2022-07-07 20:16:15,632 : INFO : log : INSTANTIATE A KAFKA ADMIN CLIENT FIRST USING THE create_admin_client METHOD
2022-07-07 20:16:15,632 : INFO : log : INSTANTIATE A KAFKA ADMIN CLIENT FIRST USING THE create_admin_client METHOD
2022-07-07 20:16:15,636 : INFO : log : FAILED TO CREATE A KAFKA PRODUCER
2022-07-07 20:16:15,636 : INFO : log : FAILED TO CREATE A KAFKA PRODUCER
2022-07-07 20:16:15,639 : INFO : log : FAILED TO CREATE A KAFKA CONSUMER
2022-07-07 20:16:15,639 : INFO : log : FAILED TO CREATE A KAFKA CONSUMER
2022-07-07 20:16:15,640 : INFO : log : INSTANTIATE A KAFKA PRODUCER FIRST USING THE create_producer METHOD
2022-07-07 20:16:15,640 : INFO : log : INSTANTIATE A KAFKA PRODUCER FIRST USING THE create_producer METHOD
2022-07-07 20:16:15,640 : INFO : log : FAILED TO FETCH DATA
2022-07-07 20:16:15,640 : INFO : log : FAILED TO FETCH DATA
2022-07-08 09:17:39,513 : INFO : log : FAILED TO CREATE A KAFKA ADMIN CLIENT
2022-07-08 09:17:39,513 : INFO : log : FAILED TO CREATE A KAFKA ADMIN CLIENT
2022-07-08 09:17:39,513 : INFO : log : INSTANTIATE A KAFKA ADMIN CLIENT FIRST USING THE create_admin_client METHOD
2022-07-08 09:17:39,513 : INFO : log : INSTANTIATE A KAFKA ADMIN CLIENT FIRST USING THE create_admin_client METHOD
2022-07-08 09:17:39,517 : INFO : log : FAILED TO CREATE A KAFKA PRODUCER
2022-07-08 09:17:39,517 : INFO : log : FAILED TO CREATE A KAFKA PRODUCER
2022-07-08 09:17:39,520 : INFO : log : FAILED TO CREATE A KAFKA CONSUMER
2022-07-08 09:17:39,520 : INFO : log : FAILED TO CREATE A KAFKA CONSUMER
2022-07-08 09:17:39,520 : INFO : log : INSTANTIATE A KAFKA PRODUCER FIRST USING THE create_producer METHOD
2022-07-08 09:17:39,520 : INFO : log : INSTANTIATE A KAFKA PRODUCER FIRST USING THE create_producer METHOD
2022-07-08 09:17:39,521 : INFO : log : FAILED TO FETCH DATA
2022-07-08 09:17:39,521 : INFO : log : FAILED TO FETCH DATA
2022-07-08 09:22:07,783 : INFO : log : FAILED TO CREATE A KAFKA ADMIN CLIENT
2022-07-08 09:22:07,783 : INFO : log : FAILED TO CREATE A KAFKA ADMIN CLIENT
2022-07-08 09:22:07,784 : INFO : log : INSTANTIATE A KAFKA ADMIN CLIENT FIRST USING THE create_admin_client METHOD
2022-07-08 09:22:07,784 : INFO : log : INSTANTIATE A KAFKA ADMIN CLIENT FIRST USING THE create_admin_client METHOD
2022-07-08 09:22:07,787 : INFO : log : FAILED TO CREATE A KAFKA PRODUCER
2022-07-08 09:22:07,787 : INFO : log : FAILED TO CREATE A KAFKA PRODUCER
2022-07-08 09:22:07,791 : INFO : log : FAILED TO CREATE A KAFKA CONSUMER
2022-07-08 09:22:07,791 : INFO : log : FAILED TO CREATE A KAFKA CONSUMER
2022-07-08 09:22:07,791 : INFO : log : INSTANTIATE A KAFKA PRODUCER FIRST USING THE create_producer METHOD
2022-07-08 09:22:07,791 : INFO : log : INSTANTIATE A KAFKA PRODUCER FIRST USING THE create_producer METHOD
2022-07-08 09:22:07,791 : INFO : log : FAILED TO FETCH DATA
2022-07-08 09:22:07,791 : INFO : log : FAILED TO FETCH DATA
2022-07-08 09:23:58,636 : INFO : log : FAILED TO CREATE A KAFKA ADMIN CLIENT
2022-07-08 09:23:58,636 : INFO : log : FAILED TO CREATE A KAFKA ADMIN CLIENT
2022-07-08 09:23:58,636 : INFO : log : INSTANTIATE A KAFKA ADMIN CLIENT FIRST USING THE create_admin_client METHOD
2022-07-08 09:23:58,636 : INFO : log : INSTANTIATE A KAFKA ADMIN CLIENT FIRST USING THE create_admin_client METHOD
2022-07-08 09:23:58,640 : INFO : log : FAILED TO CREATE A KAFKA PRODUCER
2022-07-08 09:23:58,640 : INFO : log : FAILED TO CREATE A KAFKA PRODUCER
2022-07-08 09:23:58,644 : INFO : log : FAILED TO CREATE A KAFKA CONSUMER
2022-07-08 09:23:58,644 : INFO : log : FAILED TO CREATE A KAFKA CONSUMER
2022-07-08 09:23:58,644 : INFO : log : INSTANTIATE A KAFKA PRODUCER FIRST USING THE create_producer METHOD
2022-07-08 09:23:58,644 : INFO : log : INSTANTIATE A KAFKA PRODUCER FIRST USING THE create_producer METHOD
2022-07-08 09:23:58,644 : INFO : log : FAILED TO FETCH DATA
2022-07-08 09:23:58,644 : INFO : log : FAILED TO FETCH DATA
2022-07-08 09:26:58,661 : INFO : log : SUCCESSFULLY CREATED A KAFKA ADMIN CLIENT
2022-07-08 09:26:58,661 : INFO : log : SUCCESSFULLY CREATED A KAFKA ADMIN CLIENT
2022-07-08 09:27:30,928 : INFO : log : SUCCESSFULLY FETCHED KAFKA TOPICS
2022-07-08 09:27:30,928 : INFO : log : SUCCESSFULLY FETCHED KAFKA TOPICS
