2022-07-07 17:10:37,216 : INFO : log : FAILED TO CREATE A KAFKA ADMIN CLIENT
2022-07-07 17:10:37,216 : INFO : log : FAILED TO CREATE A KAFKA ADMIN CLIENT
2022-07-07 17:10:37,217 : INFO : log : INSTANTIATE A KAFKA ADMIN CLIENT FIRST USING THE create_admin_client METHOD
2022-07-07 17:10:37,217 : INFO : log : INSTANTIATE A KAFKA ADMIN CLIENT FIRST USING THE create_admin_client METHOD
2022-07-07 17:10:39,875 : INFO : log : FAILED TO CREATE A KAFKA PRODUCER
2022-07-07 17:10:39,875 : INFO : log : FAILED TO CREATE A KAFKA PRODUCER
2022-07-07 17:10:41,974 : INFO : log : FAILED TO CREATE A KAFKA CONSUMER
2022-07-07 17:10:41,974 : INFO : log : FAILED TO CREATE A KAFKA CONSUMER
2022-07-07 17:10:41,974 : INFO : log : INSTANTIATE A KAFKA PRODUCER FIRST USING THE create_producer METHOD
2022-07-07 17:10:41,974 : INFO : log : INSTANTIATE A KAFKA PRODUCER FIRST USING THE create_producer METHOD
2022-07-07 17:10:41,975 : INFO : log : FAILED TO FETCH DATA
2022-07-07 17:10:41,975 : INFO : log : FAILED TO FETCH DATA
2022-07-07 19:59:02,254 : INFO : log : FAILED TO CREATE A KAFKA ADMIN CLIENT
2022-07-07 19:59:02,254 : INFO : log : FAILED TO CREATE A KAFKA ADMIN CLIENT
2022-07-07 19:59:02,254 : INFO : log : INSTANTIATE A KAFKA ADMIN CLIENT FIRST USING THE create_admin_client METHOD
2022-07-07 19:59:02,254 : INFO : log : INSTANTIATE A KAFKA ADMIN CLIENT FIRST USING THE create_admin_client METHOD
2022-07-07 19:59:02,258 : INFO : log : FAILED TO CREATE A KAFKA PRODUCER
2022-07-07 19:59:02,258 : INFO : log : FAILED TO CREATE A KAFKA PRODUCER
2022-07-07 19:59:02,262 : INFO : log : FAILED TO CREATE A KAFKA CONSUMER
2022-07-07 19:59:02,262 : INFO : log : FAILED TO CREATE A KAFKA CONSUMER
2022-07-07 19:59:02,263 : INFO : log : INSTANTIATE A KAFKA PRODUCER FIRST USING THE create_producer METHOD
2022-07-07 19:59:02,263 : INFO : log : INSTANTIATE A KAFKA PRODUCER FIRST USING THE create_producer METHOD
2022-07-07 19:59:02,263 : INFO : log : FAILED TO FETCH DATA
2022-07-07 19:59:02,263 : INFO : log : FAILED TO FETCH DATA
